======================================================================
博物馆平行语料OCR处理器 - 段落级对齐版
核心：一张图片 = 一个完整的中英文段落对
======================================================================
Initializing RapidOCR engine...

发现 5 个博物馆，共 605 张图片:

  - 党史馆: 18 张
  - 国家博物馆: 288 张
  - 抗日纪念馆: 119 张
  - 故宫: 113 张
  - 首都博物馆: 67 张

----------------------------------------------------------------------
开始处理...
----------------------------------------------------------------------


[党史馆] 处理 18 张图片...
  [1/18] IMG20260129131237.jpg [REVIEW]
  [2/18] IMG20260129131249.jpg [REVIEW]
  [3/18] IMG20260129131255.jpg [REVIEW]
  [4/18] IMG20260129131308.jpg [REVIEW]
  [5/18] IMG20260129131406.jpg [REVIEW]
  [6/18] IMG20260129131411.jpg [REVIEW]
  [7/18] IMG20260129131416.jpg [REVIEW]
  [8/18] IMG20260129131554.jpg [REVIEW]
  [9/18] IMG20260129132001.jpg [REVIEW]
  [10/18] IMG20260129141517.jpg [REVIEW]
  [11/18] IMG20260129142743.jpg [REVIEW]
  [12/18] IMG20260129150928.jpg [REVIEW]
  [13/18] IMG20260129153533.jpg [REVIEW]
  [14/18] IMG20260129154611.jpg [REVIEW]
  [15/18] IMG20260129154621.jpg [REVIEW]
  [16/18] IMG20260129160155.jpg [REVIEW]
  [17/18] IMG20260129162331.jpg [REVIEW]
  [18/18] IMG20260129162337.jpg [REVIEW]

[抗日纪念馆] 处理 119 张图片...
  [1/119] IMG20260129105436.jpg [REVIEW]
  [2/119] IMG20260129105528.jpg [REVIEW]
  [3/119] IMG20260129105704.jpg [REVIEW]
  [4/119] IMG20260129110606.jpg [REVIEW]
  [5/119] IMG20260129110655.jpg [REVIEW]
  [6/119] IMG20260129110713.jpg [OK, Grade A, zh:543chars, en:1915chars]
  [7/119] IMG20260129110749.jpg [REVIEW]
  [8/119] IMG20260129110810.jpg [REVIEW]
  [9/119] IMG20260129110831.jpg [REVIEW]
  [10/119] IMG20260129110836.jpg [REVIEW]
  [11/119] IMG20260129110844.jpg [OK, Grade A, zh:163chars, en:621chars]
  [12/119] IMG20260129110852.jpg [REVIEW]
  [13/119] IMG20260129110906.jpg [REVIEW]
  [14/119] IMG20260129110923.jpg [REVIEW]
  [15/119] IMG20260129110941.jpg [REVIEW]
  [16/119] IMG20260129110951.jpg [REVIEW]
  [17/119] IMG20260129111014.jpg [REVIEW]
  [18/119] IMG20260129111028.jpg [REVIEW]
  [19/119] IMG20260129111045.jpg [REVIEW]
  [20/119] IMG20260129111057.jpg [REVIEW]
  [21/119] IMG20260129111109.jpg [REVIEW]
  [22/119] IMG20260129111121.jpg [REVIEW]
  [23/119] IMG20260129111134.jpg [REVIEW]
  [24/119] IMG20260129111134_01.jpg [REVIEW]
  [25/119] IMG20260129111140.jpg [REVIEW]
  [26/119] IMG20260129111155.jpg [REVIEW]
  [27/119] IMG20260129111205.jpg [REVIEW]
  [28/119] IMG20260129111211.jpg [REVIEW]
  [29/119] IMG20260129111232.jpg [REVIEW]
  [30/119] IMG20260129111249.jpg [REVIEW]
  [31/119] IMG20260129111257.jpg [REVIEW]
  [32/119] IMG20260129111328.jpg [REVIEW]
  [33/119] IMG20260129111427.jpg [REVIEW]
  [34/119] IMG20260129111437.jpg [REVIEW]
  [35/119] IMG20260129111448.jpg [OK, Grade A, zh:211chars, en:833chars]
  [36/119] IMG20260129111509.jpg [REVIEW]
  [37/119] IMG20260129111521.jpg [REVIEW]
  [38/119] IMG20260129111554.jpg [REVIEW]
  [39/119] IMG20260129111600.jpg [REVIEW]
  [40/119] IMG20260129111607.jpg [REVIEW]
  [41/119] IMG20260129111632.jpg [REVIEW]
  [42/119] IMG20260129111640.jpg [REVIEW]
  [43/119] IMG20260129111655.jpg [REVIEW]
  [44/119] IMG20260129111700.jpg [REVIEW]
  [45/119] IMG20260129111721.jpg [REVIEW]
  [46/119] IMG20260129111741.jpg [REVIEW]
  [47/119] IMG20260129111756.jpg [REVIEW]
  [48/119] IMG20260129111851.jpg [REVIEW]
  [49/119] IMG20260129111903.jpg [REVIEW]
  [50/119] IMG20260129111913.jpg [REVIEW]
  [51/119] IMG20260129111942.jpg [REVIEW]
  [52/119] IMG20260129111958.jpg [REVIEW]
  [53/119] IMG20260129112042.jpg [REVIEW]
  [54/119] IMG20260129112049.jpg [OK, Grade A, zh:296chars, en:1452chars]
  [55/119] IMG20260129112101.jpg [REVIEW]
  [56/119] IMG20260129112104.jpg [REVIEW]
  [57/119] IMG20260129112113.jpg [REVIEW]
  [58/119] IMG20260129112133.jpg [REVIEW]
  [59/119] IMG20260129112141.jpg [REVIEW]
  [60/119] IMG20260129112147.jpg [REVIEW]
  [61/119] IMG20260129112156.jpg [REVIEW]
  [62/119] IMG20260129112201.jpg [REVIEW]
  [63/119] IMG20260129112212.jpg [REVIEW]
  [64/119] IMG20260129112220.jpg [REVIEW]
  [65/119] IMG20260129112244.jpg [REVIEW]
  [66/119] IMG20260129112301.jpg [REVIEW]
  [67/119] IMG20260129112305.jpg [REVIEW]
  [68/119] IMG20260129112321.jpg [REVIEW]
  [69/119] IMG20260129112343.jpg [REVIEW]
  [70/119] IMG20260129112352.jpg [REVIEW]
  [71/119] IMG20260129112356.jpg [REVIEW]
  [72/119] IMG20260129112413.jpg [REVIEW]
  [73/119] IMG20260129112424.jpg [REVIEW]
  [74/119] IMG20260129112429.jpg [REVIEW]
  [75/119] IMG20260129112439.jpg [REVIEW]
  [76/119] IMG20260129112445.jpg [REVIEW]
  [77/119] IMG20260129112500.jpg [REVIEW]
  [78/119] IMG20260129112502.jpg [REVIEW]
  [79/119] IMG20260129112515.jpg [REVIEW]
  [80/119] IMG20260129112529.jpg [REVIEW]
  [81/119] IMG20260129112559.jpg [REVIEW]
  [82/119] IMG20260129112728.jpg [REVIEW]
  [83/119] IMG20260129112735.jpg [REVIEW]
  [84/119] IMG20260129112747.jpg [REVIEW]
  [85/119] IMG20260129112822.jpg [REVIEW]
  [86/119] IMG20260129112849.jpg [REVIEW]
  [87/119] IMG20260129112922.jpg [REVIEW]
  [88/119] IMG20260129112932.jpg [REVIEW]
  [89/119] IMG20260129113026.jpg [REVIEW]
  [90/119] IMG20260129113044.jpg [REVIEW]
  [91/119] IMG20260129113051.jpg [REVIEW]
  [92/119] IMG20260129113120.jpg [REVIEW]
  [93/119] IMG20260129113126.jpg [REVIEW]
  [94/119] IMG20260129113135.jpg [REVIEW]
  [95/119] IMG20260129113145.jpg [REVIEW]
  [96/119] IMG20260129113158.jpg [REVIEW]
  [97/119] IMG20260129113209.jpg [REVIEW]
  [98/119] IMG20260129113215.jpg [REVIEW]
  [99/119] IMG20260129113229.jpg [REVIEW]
  [100/119] IMG20260129113239.jpg [REVIEW]
  [101/119] IMG20260129113256.jpg [REVIEW]
  [102/119] IMG20260129113309.jpg [REVIEW]
  [103/119] IMG20260129113334.jpg [REVIEW]
  [104/119] IMG20260129113339.jpg [REVIEW]
  [105/119] IMG20260129113407.jpg [REVIEW]
  [106/119] IMG20260129113412.jpg [REVIEW]
  [107/119] IMG20260129113416.jpg [REVIEW]
  [108/119] IMG20260129113654.jpg [REVIEW]
  [109/119] IMG20260129113710.jpg [REVIEW]
  [110/119] IMG20260129113802.jpg [REVIEW]
  [111/119] IMG20260129113921.jpg [REVIEW]
  [112/119] IMG20260129114001.jpg [REVIEW]
  [113/119] IMG20260129114007.jpg [REVIEW]
  [114/119] IMG20260129114013.jpg [REVIEW]
  [115/119] IMG20260129114043.jpg [REVIEW]
  [116/119] IMG20260129114129.jpg [REVIEW]
  [117/119] IMG20260129114201.jpg [REVIEW]
  [118/119] IMG20260129115001.jpg [REVIEW]
  [119/119] IMG20260129115009.jpg [REVIEW]

============================================================
Saving results...
============================================================
[OK] OCR results: E:\ai知识库\nlp大赛\中间结果\ocr_results.json
[OK] Review queue: E:\ai知识库\nlp大赛\中间结果\review_queue.json (133 items)
[OK] Grade A corpus: E:\ai知识库\nlp大赛\中间结果\grade_A_corpus.json (14 items)
[OK] Grade B corpus: E:\ai知识库\nlp大赛\中间结果\grade_B_corpus.json (111 items)
[OK] Grade C corpus: E:\ai知识库\nlp大赛\中间结果\grade_C_corpus.json (12 items)
[OK] Human-readable text: E:\ai知识库\nlp大赛\中间结果\corpus_text.txt
[OK] TSV format: E:\ai知识库\nlp大赛\中间结果\corpus.tsv

======================================================================
处理完成 - 统计信息
======================================================================
[选定博物馆] 党史馆, 抗日纪念馆
总图片数: 605
成功处理: 137
处理失败: 0
需人工审核: 133

按博物馆分布:
  - 党史馆: 18
  - 抗日纪念馆: 119

======================================================================
所有结果已保存到: E:\ai知识库\nlp大赛\中间结果
======================================================================
